<?xml version="1.0" encoding="UTF-8"?>
<testng-results total="1" passed="1" failed="0" skipped="0">
  <reporter-output>
  </reporter-output>
  <suite started-at="2020-11-26T18:48:48Z" name="Default suite" finished-at="2020-11-26T18:49:13Z" duration-ms="25920">
    <groups>
    </groups>
    <test started-at="2020-11-26T18:48:48Z" name="Default test" finished-at="2020-11-26T18:49:13Z" duration-ms="25920">
      <class name="com.AB.tests.Logintest">
        <test-method is-config="true" signature="Browser()[pri:0, instance:com.AB.tests.Logintest@1190200a]" started-at="2020-11-27T00:18:48Z" name="Browser" finished-at="2020-11-27T00:19:12Z" duration-ms="23956" status="PASS">
          <reporter-output>
          </reporter-output>
        </test-method> <!-- Browser -->
        <test-method signature="loginpositive()[pri:0, instance:com.AB.tests.Logintest@1190200a]" started-at="2020-11-27T00:19:12Z" name="loginpositive" finished-at="2020-11-27T00:19:12Z" duration-ms="42" status="PASS">
          <reporter-output>
          </reporter-output>
        </test-method> <!-- loginpositive -->
        <test-method is-config="true" signature="close()[pri:0, instance:com.AB.tests.Logintest@1190200a]" started-at="2020-11-27T00:19:12Z" name="close" finished-at="2020-11-27T00:19:13Z" duration-ms="1781" status="PASS">
          <reporter-output>
          </reporter-output>
        </test-method> <!-- close -->
      </class> <!-- com.AB.tests.Logintest -->
    </test> <!-- Default test -->
  </suite> <!-- Default suite -->
</testng-results>
